{"name": "Checking to remove a person from the table", "status": "broken", "statusDetails": {"message": "selenium.common.exceptions.TimeoutException: Message: \nStacktrace:\n\tGetHandleVerifier [0x00007FF6975682B2+55298]\n\t(No symbol) [0x00007FF6974D5E02]\n\t(No symbol) [0x00007FF6973905AB]\n\t(No symbol) [0x00007FF6973D175C]\n\t(No symbol) [0x00007FF6973D18DC]\n\t(No symbol) [0x00007FF69740CBC7]\n\t(No symbol) [0x00007FF6973F20EF]\n\t(No symbol) [0x00007FF69740AAA4]\n\t(No symbol) [0x00007FF6973F1E83]\n\t(No symbol) [0x00007FF6973C670A]\n\t(No symbol) [0x00007FF6973C7964]\n\tGetHandleVerifier [0x00007FF6978E0AAB+3694587]\n\tGetHandleVerifier [0x00007FF69793728E+4048862]\n\tGetHandleVerifier [0x00007FF69792F173+4015811]\n\tGetHandleVerifier [0x00007FF6976047D6+695590]\n\t(No symbol) [0x00007FF6974E0CE8]\n\t(No symbol) [0x00007FF6974DCF34]\n\t(No symbol) [0x00007FF6974DD062]\n\t(No symbol) [0x00007FF6974CD3A3]\n\tBaseThreadInitThunk [0x00007FF89B8B7344+20]\n\tRtlUserThreadStart [0x00007FF89D6226B1+33]", "trace": "self = <elements_test.TestElements.TestWebTable object at 0x00000204AF3704A0>\ndriver = <selenium.webdriver.chrome.webdriver.WebDriver (session=\"6a6813ac17d389cd8f041c4640ce67ee\")>\n\n    @pytest.mark.smoke\n    @allure.title('Checking to remove a person from the table')\n    def test_web_table_delete_person(self,driver):\n        web_table_page = WebTablePage(driver, 'https://demoqa.com/webtables')\n        web_table_page.open()\n        email = web_table_page.add_new_person()[3]\n        web_table_page.search_some_person(email)\n        web_table_page.delete_person()\n>       text = web_table_page.check_deleted()\n\ntests\\elements_test.py:102: \n_ _ _ _ _ _ _ _ _ _ _ _ _ _ _ _ _ _ _ _ _ _ _ _ _ _ _ _ _ _ _ _ _ _ _ _ _ _ _ _ _ _ _ _ _ _ _ _ _ _ _ _\npages\\elements_page.py:156: in check_deleted\n    return self.element_is_present(self.locators.NO_ROWS_FOUND).text\npages\\base_page.py:26: in element_is_present\n    return wait(self.driver, timeout).until(EC.presence_of_element_located(locator))\n_ _ _ _ _ _ _ _ _ _ _ _ _ _ _ _ _ _ _ _ _ _ _ _ _ _ _ _ _ _ _ _ _ _ _ _ _ _ _ _ _ _ _ _ _ _ _ _ _ _ _ _\n\nself = <selenium.webdriver.support.wait.WebDriverWait (session=\"6a6813ac17d389cd8f041c4640ce67ee\")>\nmethod = <function presence_of_element_located.<locals>._predicate at 0x00000204AFA96D40>, message = ''\n\n    def until(self, method, message: str = \"\"):\n        \"\"\"Calls the method provided with the driver as an argument until the \\\n        return value does not evaluate to ``False``.\n    \n        :param method: callable(WebDriver)\n        :param message: optional message for :exc:`TimeoutException`\n        :returns: the result of the last call to `method`\n        :raises: :exc:`selenium.common.exceptions.TimeoutException` if timeout occurs\n        \"\"\"\n        screen = None\n        stacktrace = None\n    \n        end_time = time.monotonic() + self._timeout\n        while True:\n            try:\n                value = method(self._driver)\n                if value:\n                    return value\n            except self._ignored_exceptions as exc:\n                screen = getattr(exc, \"screen\", None)\n                stacktrace = getattr(exc, \"stacktrace\", None)\n            time.sleep(self._poll)\n            if time.monotonic() > end_time:\n                break\n>       raise TimeoutException(message, screen, stacktrace)\nE       selenium.common.exceptions.TimeoutException: Message: \nE       Stacktrace:\nE       \tGetHandleVerifier [0x00007FF6975682B2+55298]\nE       \t(No symbol) [0x00007FF6974D5E02]\nE       \t(No symbol) [0x00007FF6973905AB]\nE       \t(No symbol) [0x00007FF6973D175C]\nE       \t(No symbol) [0x00007FF6973D18DC]\nE       \t(No symbol) [0x00007FF69740CBC7]\nE       \t(No symbol) [0x00007FF6973F20EF]\nE       \t(No symbol) [0x00007FF69740AAA4]\nE       \t(No symbol) [0x00007FF6973F1E83]\nE       \t(No symbol) [0x00007FF6973C670A]\nE       \t(No symbol) [0x00007FF6973C7964]\nE       \tGetHandleVerifier [0x00007FF6978E0AAB+3694587]\nE       \tGetHandleVerifier [0x00007FF69793728E+4048862]\nE       \tGetHandleVerifier [0x00007FF69792F173+4015811]\nE       \tGetHandleVerifier [0x00007FF6976047D6+695590]\nE       \t(No symbol) [0x00007FF6974E0CE8]\nE       \t(No symbol) [0x00007FF6974DCF34]\nE       \t(No symbol) [0x00007FF6974DD062]\nE       \t(No symbol) [0x00007FF6974CD3A3]\nE       \tBaseThreadInitThunk [0x00007FF89B8B7344+20]\nE       \tRtlUserThreadStart [0x00007FF89D6226B1+33]\n\nenv\\Lib\\site-packages\\selenium\\webdriver\\support\\wait.py:95: TimeoutException"}, "steps": [{"name": "Open a browser", "status": "passed", "start": 1700317938539, "stop": 1700317959573}, {"name": "add new person", "status": "passed", "steps": [{"name": "Find a visible element", "status": "passed", "parameters": [{"name": "locator", "value": "('css selector', \"button[id='addNewRecordButton']\")"}, {"name": "timeout", "value": "10"}], "start": 1700317959573, "stop": 1700317959592}, {"name": "Find a visible element", "status": "passed", "parameters": [{"name": "locator", "value": "('css selector', \"input[id='firstName']\")"}, {"name": "timeout", "value": "10"}], "start": 1700317959645, "stop": 1700317959664}, {"name": "Find a visible element", "status": "passed", "parameters": [{"name": "locator", "value": "('css selector', \"input[id='lastName']\")"}, {"name": "timeout", "value": "10"}], "start": 1700317959722, "stop": 1700317959740}, {"name": "Find a visible element", "status": "passed", "parameters": [{"name": "locator", "value": "('css selector', \"input[id='userEmail']\")"}, {"name": "timeout", "value": "10"}], "start": 1700317959785, "stop": 1700317959799}, {"name": "Find a visible element", "status": "passed", "parameters": [{"name": "locator", "value": "('css selector', \"input[id='age']\")"}, {"name": "timeout", "value": "10"}], "start": 1700317959865, "stop": 1700317959879}, {"name": "Find a visible element", "status": "passed", "parameters": [{"name": "locator", "value": "('css selector', \"input[id='salary']\")"}, {"name": "timeout", "value": "10"}], "start": 1700317959908, "stop": 1700317959923}, {"name": "Find a visible element", "status": "passed", "parameters": [{"name": "locator", "value": "('css selector', \"input[id='department']\")"}, {"name": "timeout", "value": "10"}], "start": 1700317959957, "stop": 1700317959972}, {"name": "Find a visible element", "status": "passed", "parameters": [{"name": "locator", "value": "('css selector', \"button[id='submit']\")"}, {"name": "timeout", "value": "10"}], "start": 1700317960009, "stop": 1700317960027}], "start": 1700317959573, "stop": 1700317960065}, {"name": "find some person", "status": "passed", "steps": [{"name": "Find a visible element", "status": "passed", "parameters": [{"name": "locator", "value": "('css selector', 'input[id=\"searchBox\"]')"}, {"name": "timeout", "value": "10"}], "start": 1700317960066, "stop": 1700317960082}], "parameters": [{"name": "key_word", "value": "'venediktkolobov@example.com'"}], "start": 1700317960066, "stop": 1700317960116}, {"name": "delete person", "status": "passed", "steps": [{"name": "Find a visible element", "status": "passed", "parameters": [{"name": "locator", "value": "('css selector', 'span[title=\"Delete\"]')"}, {"name": "timeout", "value": "10"}], "start": 1700317960116, "stop": 1700317960134}], "start": 1700317960116, "stop": 1700317960171}, {"name": "check deleted person", "status": "broken", "statusDetails": {"message": "selenium.common.exceptions.TimeoutException: Message: \nStacktrace:\n\tGetHandleVerifier [0x00007FF6975682B2+55298]\n\t(No symbol) [0x00007FF6974D5E02]\n\t(No symbol) [0x00007FF6973905AB]\n\t(No symbol) [0x00007FF6973D175C]\n\t(No symbol) [0x00007FF6973D18DC]\n\t(No symbol) [0x00007FF69740CBC7]\n\t(No symbol) [0x00007FF6973F20EF]\n\t(No symbol) [0x00007FF69740AAA4]\n\t(No symbol) [0x00007FF6973F1E83]\n\t(No symbol) [0x00007FF6973C670A]\n\t(No symbol) [0x00007FF6973C7964]\n\tGetHandleVerifier [0x00007FF6978E0AAB+3694587]\n\tGetHandleVerifier [0x00007FF69793728E+4048862]\n\tGetHandleVerifier [0x00007FF69792F173+4015811]\n\tGetHandleVerifier [0x00007FF6976047D6+695590]\n\t(No symbol) [0x00007FF6974E0CE8]\n\t(No symbol) [0x00007FF6974DCF34]\n\t(No symbol) [0x00007FF6974DD062]\n\t(No symbol) [0x00007FF6974CD3A3]\n\tBaseThreadInitThunk [0x00007FF89B8B7344+20]\n\tRtlUserThreadStart [0x00007FF89D6226B1+33]\n\n", "trace": "  File \"C:\\Users\\kimma\\github\\automation_qa_course\\env\\Lib\\site-packages\\allure_commons\\_allure.py\", line 192, in impl\n    return func(*a, **kw)\n           ^^^^^^^^^^^^^^\n  File \"C:\\Users\\kimma\\github\\automation_qa_course\\pages\\elements_page.py\", line 156, in check_deleted\n    return self.element_is_present(self.locators.NO_ROWS_FOUND).text\n           ^^^^^^^^^^^^^^^^^^^^^^^^^^^^^^^^^^^^^^^^^^^^^^^^^^^^\n  File \"C:\\Users\\kimma\\github\\automation_qa_course\\env\\Lib\\site-packages\\allure_commons\\_allure.py\", line 192, in impl\n    return func(*a, **kw)\n           ^^^^^^^^^^^^^^\n  File \"C:\\Users\\kimma\\github\\automation_qa_course\\pages\\base_page.py\", line 26, in element_is_present\n    return wait(self.driver, timeout).until(EC.presence_of_element_located(locator))\n           ^^^^^^^^^^^^^^^^^^^^^^^^^^^^^^^^^^^^^^^^^^^^^^^^^^^^^^^^^^^^^^^^^^^^^^^^^\n  File \"C:\\Users\\kimma\\github\\automation_qa_course\\env\\Lib\\site-packages\\selenium\\webdriver\\support\\wait.py\", line 95, in until\n    raise TimeoutException(message, screen, stacktrace)\n"}, "steps": [{"name": "Find a present element", "status": "broken", "statusDetails": {"message": "selenium.common.exceptions.TimeoutException: Message: \nStacktrace:\n\tGetHandleVerifier [0x00007FF6975682B2+55298]\n\t(No symbol) [0x00007FF6974D5E02]\n\t(No symbol) [0x00007FF6973905AB]\n\t(No symbol) [0x00007FF6973D175C]\n\t(No symbol) [0x00007FF6973D18DC]\n\t(No symbol) [0x00007FF69740CBC7]\n\t(No symbol) [0x00007FF6973F20EF]\n\t(No symbol) [0x00007FF69740AAA4]\n\t(No symbol) [0x00007FF6973F1E83]\n\t(No symbol) [0x00007FF6973C670A]\n\t(No symbol) [0x00007FF6973C7964]\n\tGetHandleVerifier [0x00007FF6978E0AAB+3694587]\n\tGetHandleVerifier [0x00007FF69793728E+4048862]\n\tGetHandleVerifier [0x00007FF69792F173+4015811]\n\tGetHandleVerifier [0x00007FF6976047D6+695590]\n\t(No symbol) [0x00007FF6974E0CE8]\n\t(No symbol) [0x00007FF6974DCF34]\n\t(No symbol) [0x00007FF6974DD062]\n\t(No symbol) [0x00007FF6974CD3A3]\n\tBaseThreadInitThunk [0x00007FF89B8B7344+20]\n\tRtlUserThreadStart [0x00007FF89D6226B1+33]\n\n", "trace": "  File \"C:\\Users\\kimma\\github\\automation_qa_course\\env\\Lib\\site-packages\\allure_commons\\_allure.py\", line 192, in impl\n    return func(*a, **kw)\n           ^^^^^^^^^^^^^^\n  File \"C:\\Users\\kimma\\github\\automation_qa_course\\pages\\base_page.py\", line 26, in element_is_present\n    return wait(self.driver, timeout).until(EC.presence_of_element_located(locator))\n           ^^^^^^^^^^^^^^^^^^^^^^^^^^^^^^^^^^^^^^^^^^^^^^^^^^^^^^^^^^^^^^^^^^^^^^^^^\n  File \"C:\\Users\\kimma\\github\\automation_qa_course\\env\\Lib\\site-packages\\selenium\\webdriver\\support\\wait.py\", line 95, in until\n    raise TimeoutException(message, screen, stacktrace)\n"}, "parameters": [{"name": "locator", "value": "('css selector', \"div[class='rt-noData']\")"}, {"name": "timeout", "value": "10"}], "start": 1700317960171, "stop": 1700317970319}], "start": 1700317960171, "stop": 1700317970319}], "start": 1700317938539, "stop": 1700317970319, "uuid": "69a58d19-bc13-4cee-8a9f-c110a5295bd4", "historyId": "568d4f635ab70da97cecd101ed6c6a72", "testCaseId": "568d4f635ab70da97cecd101ed6c6a72", "fullName": "tests.elements_test.TestWebTable#test_web_table_delete_person", "labels": [{"name": "suite", "value": "Elements"}, {"name": "feature", "value": "WebTable"}, {"name": "tag", "value": "smoke"}, {"name": "parentSuite", "value": "tests"}, {"name": "subSuite", "value": "TestElements"}, {"name": "host", "value": "LAPTOP-JVHUTG0F"}, {"name": "thread", "value": "15604-MainThread"}, {"name": "framework", "value": "pytest"}, {"name": "language", "value": "cpython3"}, {"name": "package", "value": "tests.elements_test"}]}